<?xml version="1.0" encoding="UTF-8"?>
<testsuite xmlns:xsi="http://www.w3.org/2001/XMLSchema-instance" xsi:noNamespaceSchemaLocation="https://maven.apache.org/surefire/maven-surefire-plugin/xsd/surefire-test-report-3.0.xsd" version="3.0" name="com.azure.servicebus.client.ServiceBusSenderTest" time="0.395" tests="14" errors="0" skipped="0" failures="0">
  <properties>
[...]
</properties>
  <testcase name="testSendMessageWithoutInitialization" classname="com.azure.servicebus.client.ServiceBusSenderTest" time="0.316"/>
  <testcase name="testCancelScheduledMessageAsync" classname="com.azure.servicebus.client.ServiceBusSenderTest" time="0.029">
    <system-err><![CDATA[[main] INFO com.azure.servicebus.client.ServiceBusSender - Scheduled message cancelled: sequenceNumber=42
]]></system-err>
  </testcase>
  <testcase name="testSendMessageAsyncSuccessfully" classname="com.azure.servicebus.client.ServiceBusSenderTest" time="0.021">
    <system-err><![CDATA[[main] INFO com.azure.servicebus.client.ServiceBusSender - Message sent async: id=f6c0a8b5-6855-44e4-9fc1-42331be53a74
]]></system-err>
  </testcase>
  <testcase name="testSendBatchWithoutInitialization" classname="com.azure.servicebus.client.ServiceBusSenderTest" time="0"/>
  <testcase name="testCloseWithMockSender" classname="com.azure.servicebus.client.ServiceBusSenderTest" time="0.004">
    <system-err><![CDATA[[main] INFO com.azure.servicebus.client.ServiceBusSender - Service Bus sender closed
]]></system-err>
  </testcase>
  <testcase name="testMultipleSendCalls" classname="com.azure.servicebus.client.ServiceBusSenderTest" time="0.001">
    <system-err><![CDATA[[main] INFO com.azure.servicebus.client.ServiceBusSender - Message sent: id=d73a6db5-9208-4d8c-ba66-bcf798372d02
[main] INFO com.azure.servicebus.client.ServiceBusSender - Message sent: id=ca2a5858-a4e4-4edd-826b-66d9a177f4ed
[main] INFO com.azure.servicebus.client.ServiceBusSender - Message sent: id=121c58ed-66a3-419c-9a63-4781b54f06ee
]]></system-err>
  </testcase>
  <testcase name="testSendBatchAsyncSuccessfully" classname="com.azure.servicebus.client.ServiceBusSenderTest" time="0.002">
    <system-err><![CDATA[[main] INFO com.azure.servicebus.client.ServiceBusSender - Batch of 2 messages sent async
]]></system-err>
  </testcase>
  <testcase name="testSendMessageSuccessfully" classname="com.azure.servicebus.client.ServiceBusSenderTest" time="0.002">
    <system-err><![CDATA[[main] INFO com.azure.servicebus.client.ServiceBusSender - Message sent: id=ea59557b-fe9f-4785-8aec-183bfe8c7ca0
]]></system-err>
  </testcase>
  <testcase name="testScheduleMessageAsync" classname="com.azure.servicebus.client.ServiceBusSenderTest" time="0.004">
    <system-err><![CDATA[[main] INFO com.azure.servicebus.client.ServiceBusSender - Message scheduled: id=4175a628-2d7a-41c8-8da7-6511f7870992, sequenceNumber=42, enqueueTime=2026-02-12T09:05:17.736399400Z
]]></system-err>
  </testcase>
  <testcase name="testCloseWithNullSender" classname="com.azure.servicebus.client.ServiceBusSenderTest" time="0"/>
  <testcase name="testSendBatchSuccessfully" classname="com.azure.servicebus.client.ServiceBusSenderTest" time="0.004">
    <system-err><![CDATA[[main] INFO com.azure.servicebus.client.ServiceBusSender - Batch of 3 messages sent
]]></system-err>
  </testcase>
  <testcase name="testSendMessageAsyncWithoutInitialization" classname="com.azure.servicebus.client.ServiceBusSenderTest" time="0"/>
  <testcase name="testSendMessageWithProperties" classname="com.azure.servicebus.client.ServiceBusSenderTest" time="0.002">
    <system-err><![CDATA[[main] INFO com.azure.servicebus.client.ServiceBusSender - Message sent with label=high-priority: id=b542a6b2-098e-4263-9cbc-33455c550a0a
]]></system-err>
  </testcase>
  <testcase name="testConstructor" classname="com.azure.servicebus.client.ServiceBusSenderTest" time="0"/>
</testsuite>