<?xml version="1.0" encoding="UTF-8"?>
<testsuite xmlns:xsi="http://www.w3.org/2001/XMLSchema-instance" xsi:noNamespaceSchemaLocation="https://maven.apache.org/surefire/maven-surefire-plugin/xsd/surefire-test-report-3.0.xsd" version="3.0" name="com.azure.servicebus.client.ServiceBusConfigurationTest" time="0.045" tests="9" errors="0" skipped="0" failures="0">
  <properties>
[...]
</properties>
  <testcase name="testIsValidWithNullConnectionString" classname="com.azure.servicebus.client.ServiceBusConfigurationTest" time="0.004"/>
  <testcase name="testParameterizedConstructor" classname="com.azure.servicebus.client.ServiceBusConfigurationTest" time="0"/>
  <testcase name="testDefaultQueueName" classname="com.azure.servicebus.client.ServiceBusConfigurationTest" time="0.001"/>
  <testcase name="testGetters" classname="com.azure.servicebus.client.ServiceBusConfigurationTest" time="0"/>
  <testcase name="testIsValidWithNullQueueName" classname="com.azure.servicebus.client.ServiceBusConfigurationTest" time="0"/>
  <testcase name="testIsValidWithEmptyQueueName" classname="com.azure.servicebus.client.ServiceBusConfigurationTest" time="0"/>
  <testcase name="testIsValidWithValidConfiguration" classname="com.azure.servicebus.client.ServiceBusConfigurationTest" time="0.001"/>
  <testcase name="testIsValidWithEmptyConnectionString" classname="com.azure.servicebus.client.ServiceBusConfigurationTest" time="0"/>
  <testcase name="testDefaultConstructor" classname="com.azure.servicebus.client.ServiceBusConfigurationTest" time="0"/>
</testsuite>