<?xml version="1.0" encoding="UTF-8"?>
<testsuite xmlns:xsi="http://www.w3.org/2001/XMLSchema-instance" xsi:noNamespaceSchemaLocation="https://maven.apache.org/surefire/maven-surefire-plugin/xsd/surefire-test-report-3.0.xsd" version="3.0" name="com.azure.eventhubs.client.EventHubSenderTest" time="0.423" tests="10" errors="0" skipped="0" failures="0">
  <properties>
[...]
</properties>
  <testcase name="testSendMessageWithoutInitialization" classname="com.azure.eventhubs.client.EventHubSenderTest" time="0.363"/>
  <testcase name="testClose" classname="com.azure.eventhubs.client.EventHubSenderTest" time="0.037">
    <system-err><![CDATA[[main] INFO com.azure.eventhubs.client.EventHubSender - Event Hub client closed
]]></system-err>
  </testcase>
  <testcase name="testSendBatchWithoutInitialization" classname="com.azure.eventhubs.client.EventHubSenderTest" time="0"/>
  <testcase name="testInvalidConnectionStringWillThrowOnInitialize" classname="com.azure.eventhubs.client.EventHubSenderTest" time="0"/>
  <testcase name="testConnectionString" classname="com.azure.eventhubs.client.EventHubSenderTest" time="0"/>
  <testcase name="testSendMessageSuccessfully" classname="com.azure.eventhubs.client.EventHubSenderTest" time="0.014">
    <system-err><![CDATA[[main] INFO com.azure.eventhubs.client.EventHubSender - Message sent successfully: Hello Event Hub
]]></system-err>
  </testcase>
  <testcase name="testCloseWithNullClient" classname="com.azure.eventhubs.client.EventHubSenderTest" time="0"/>
  <testcase name="testSendMessageToPartition" classname="com.azure.eventhubs.client.EventHubSenderTest" time="0.007">
    <system-err><![CDATA[[main] INFO com.azure.eventhubs.client.EventHubSender - Message sent to partition 0: Partition message
]]></system-err>
  </testcase>
  <testcase name="testSendBatchSuccessfully" classname="com.azure.eventhubs.client.EventHubSenderTest" time="0"/>
  <testcase name="testConstructor" classname="com.azure.eventhubs.client.EventHubSenderTest" time="0"/>
</testsuite>