<?xml version="1.0" encoding="UTF-8"?>
<testsuite xmlns:xsi="http://www.w3.org/2001/XMLSchema-instance" xsi:noNamespaceSchemaLocation="https://maven.apache.org/surefire/maven-surefire-plugin/xsd/surefire-test-report-3.0.xsd" version="3.0" name="com.microsoft.azure.keyvault.app.KeyVaultSecretManagerTest" time="0.044" tests="6" errors="0" skipped="0" failures="0">
  <properties>
[...]
</properties>
  <testcase name="deleteSecretRemovesSecret" classname="com.microsoft.azure.keyvault.app.KeyVaultSecretManagerTest" time="0.028"/>
  <testcase name="listSecretsReturnsAllSecrets" classname="com.microsoft.azure.keyvault.app.KeyVaultSecretManagerTest" time="0.001"/>
  <testcase name="updateSecretContentTypeSetsNewContentType" classname="com.microsoft.azure.keyvault.app.KeyVaultSecretManagerTest" time="0.003"/>
  <testcase name="setSecretCreatesSecretWithNameAndValue" classname="com.microsoft.azure.keyvault.app.KeyVaultSecretManagerTest" time="0.003"/>
  <testcase name="getSecretRetrievesLatestVersion" classname="com.microsoft.azure.keyvault.app.KeyVaultSecretManagerTest" time="0.002"/>
  <testcase name="getSecretWithVersionRetrievesSpecificVersion" classname="com.microsoft.azure.keyvault.app.KeyVaultSecretManagerTest" time="0.004"/>
</testsuite>