<?xml version="1.0" encoding="UTF-8"?>
<testsuite xmlns:xsi="http://www.w3.org/2001/XMLSchema-instance" xsi:noNamespaceSchemaLocation="https://maven.apache.org/surefire/maven-surefire-plugin/xsd/surefire-test-report-3.0.xsd" version="3.0" name="com.microsoft.azure.storagev8.queue.QueueLifecycleManagerTest" time="0.367" tests="4" errors="0" skipped="0" failures="0">
  <properties>
[...]
</properties>
  <testcase name="ensureQueueCreatesQueueWhenMissing" classname="com.microsoft.azure.storagev8.queue.QueueLifecycleManagerTest" time="0.104"/>
  <testcase name="clearQueueDeletesMessages" classname="com.microsoft.azure.storagev8.queue.QueueLifecycleManagerTest" time="0.005"/>
  <testcase name="peekMessageReturnsContent" classname="com.microsoft.azure.storagev8.queue.QueueLifecycleManagerTest" time="0.254"/>
  <testcase name="enqueueMessageAddsMessage" classname="com.microsoft.azure.storagev8.queue.QueueLifecycleManagerTest" time="0.002"/>
</testsuite>