<?xml version="1.0" encoding="UTF-8"?>
<testsuite xmlns:xsi="http://www.w3.org/2001/XMLSchema-instance" xsi:noNamespaceSchemaLocation="https://maven.apache.org/surefire/maven-surefire-plugin/xsd/surefire-test-report-3.0.xsd" version="3.0" name="org.apache.hadoop.crypto.key.kms.server.TestKMSACLs" time="0.281" tests="7" errors="0" skipped="2" failures="0">
  <properties>
[...]
</properties>
  <testcase name="" classname="org.apache.hadoop.crypto.key.kms.server.TestKeyAuthorizationKeyProvider" time="0">
    <skipped message="Java compatibility issues: UnsupportedOperationException - getSubject is not supported"/>
  </testcase>
  <testcase name="" classname="org.apache.hadoop.crypto.key.kms.server.TestKMS" time="0">
    <skipped message="class org.apache.hadoop.crypto.key.kms.server.TestKMS is @Disabled"/>
  </testcase>
  <testcase name="testKeyAclDuplicateEntries" classname="org.apache.hadoop.crypto.key.kms.server.TestKMSACLs" time="0.219">
    <system-out><![CDATA[15:32:08,660 |-INFO in ch.qos.logback.classic.LoggerContext[default] - This is logback-classic version 1.3.14
15:32:08,661 |-INFO in ch.qos.logback.classic.util.ContextInitializer@cda4919 - No custom configurators were discovered as a service.
15:32:08,661 |-INFO in ch.qos.logback.classic.util.ContextInitializer@cda4919 - Trying to configure with ch.qos.logback.classic.joran.SerializedModelConfigurator
15:32:08,661 |-INFO in ch.qos.logback.classic.util.ContextInitializer@cda4919 - Constructed configurator of type class ch.qos.logback.classic.joran.SerializedModelConfigurator
15:32:08,662 |-INFO in ch.qos.logback.classic.LoggerContext[default] - Could NOT find resource [logback-test.scmo]
15:32:08,662 |-INFO in ch.qos.logback.classic.LoggerContext[default] - Could NOT find resource [logback.scmo]
15:32:08,662 |-INFO in ch.qos.logback.classic.util.ContextInitializer@cda4919 - ch.qos.logback.classic.joran.SerializedModelConfigurator.configure() call lasted 1 milliseconds. ExecutionStatus=INVOKE_NEXT_IF_ANY
15:32:08,662 |-INFO in ch.qos.logback.classic.util.ContextInitializer@cda4919 - Trying to configure with ch.qos.logback.classic.util.DefaultJoranConfigurator
15:32:08,663 |-INFO in ch.qos.logback.classic.util.ContextInitializer@cda4919 - Constructed configurator of type class ch.qos.logback.classic.util.DefaultJoranConfigurator
15:32:08,663 |-INFO in ch.qos.logback.classic.LoggerContext[default] - Could NOT find resource [logback-test.xml]
15:32:08,663 |-INFO in ch.qos.logback.classic.LoggerContext[default] - Found resource [logback.xml] at [file:/C:/github/java-update-examples/azure-legacy-sdk-update-ranger-kms/target/test-classes/logback.xml]
15:32:08,663 |-WARN in ch.qos.logback.classic.util.DefaultJoranConfigurator@7f4d9395 - Resource [logback.xml] occurs multiple times on the classpath.
15:32:08,663 |-WARN in ch.qos.logback.classic.util.DefaultJoranConfigurator@7f4d9395 - Resource [logback.xml] occurs at [file:/C:/github/java-update-examples/azure-legacy-sdk-update-ranger-kms/target/test-classes/logback.xml]
15:32:08,663 |-WARN in ch.qos.logback.classic.util.DefaultJoranConfigurator@7f4d9395 - Resource [logback.xml] occurs at [file:/C:/github/java-update-examples/azure-legacy-sdk-update-ranger-kms/target/classes/logback.xml]
15:32:08,721 |-INFO in ch.qos.logback.core.model.processor.AppenderModelHandler - Processing appender named [kms-audit]
15:32:08,721 |-INFO in ch.qos.logback.core.model.processor.AppenderModelHandler - About to instantiate appender of type [ch.qos.logback.core.ConsoleAppender]
15:32:08,726 |-INFO in ch.qos.logback.core.model.processor.ImplicitModelHandler - Assuming default type [ch.qos.logback.classic.encoder.PatternLayoutEncoder] for [encoder] property
15:32:08,738 |-INFO in ch.qos.logback.classic.model.processor.LoggerModelHandler - Setting level of logger [org.apache.hadoop.crypto.key.kms.server.KMSAudit] to OFF
15:32:08,738 |-INFO in ch.qos.logback.classic.model.processor.RootLoggerModelHandler - Setting level of ROOT logger to INFO
15:32:08,738 |-INFO in ch.qos.logback.core.model.processor.AppenderRefModelHandler - Attaching appender named [kms-audit] to Logger[ROOT]
15:32:08,738 |-INFO in ch.qos.logback.core.model.processor.DefaultProcessor@2f19f2aa - End of configuration.
15:32:08,740 |-INFO in ch.qos.logback.classic.joran.JoranConfigurator@344b8190 - Registering current configuration as safe fallback point
15:32:08,740 |-INFO in ch.qos.logback.classic.util.ContextInitializer@cda4919 - ch.qos.logback.classic.util.DefaultJoranConfigurator.configure() call lasted 77 milliseconds. ExecutionStatus=DO_NOT_INVOKE_NEXT_IF_ANY

]]></system-out>
    <system-err><![CDATA[Unable to load native-hadoop library for your platform... using builtin-java classes where applicableDid not find winutils.exe: {}java.io.FileNotFoundException: java.io.FileNotFoundException: HADOOP_HOME and hadoop.home.dir are unset. -see https://wiki.apache.org/hadoop/WindowsProblems
	at org.apache.hadoop.util.Shell.fileNotFoundException(Shell.java:600)
	at org.apache.hadoop.util.Shell.getHadoopHomeDir(Shell.java:621)
	at org.apache.hadoop.util.Shell.getQualifiedBin(Shell.java:644)
	at org.apache.hadoop.util.Shell.<clinit>(Shell.java:741)
	at org.apache.hadoop.util.StringUtils.<clinit>(StringUtils.java:79)
	at org.apache.hadoop.conf.Configuration.getBoolean(Configuration.java:1713)
	at org.apache.hadoop.security.Groups.<init>(Groups.java:122)
	at org.apache.hadoop.security.Groups.<init>(Groups.java:102)
	at org.apache.hadoop.security.Groups.getUserToGroupsMappingService(Groups.java:451)
	at org.apache.hadoop.security.authorize.AccessControlList.<init>(AccessControlList.java:67)
	at org.apache.hadoop.crypto.key.kms.server.KMSACLs.setKMSACLs(KMSACLs.java:230)
	at org.apache.hadoop.crypto.key.kms.server.KMSACLs.<init>(KMSACLs.java:73)
	at org.apache.hadoop.crypto.key.kms.server.TestKMSACLs.testKeyAclDuplicateEntries(TestKMSACLs.java:95)
	at sun.reflect.NativeMethodAccessorImpl.invoke0(Native Method)
	at sun.reflect.NativeMethodAccessorImpl.invoke(NativeMethodAccessorImpl.java:62)
	at sun.reflect.DelegatingMethodAccessorImpl.invoke(DelegatingMethodAccessorImpl.java:43)
	at java.lang.reflect.Method.invoke(Method.java:498)
	at org.junit.platform.commons.util.ReflectionUtils.invokeMethod(ReflectionUtils.java:728)
	at org.junit.jupiter.engine.execution.MethodInvocation.proceed(MethodInvocation.java:60)
	at org.junit.jupiter.engine.execution.InvocationInterceptorChain$ValidatingInvocation.proceed(InvocationInterceptorChain.java:131)
	at org.junit.jupiter.engine.extension.TimeoutExtension.intercept(TimeoutExtension.java:156)
	at org.junit.jupiter.engine.extension.TimeoutExtension.interceptTestableMethod(TimeoutExtension.java:147)
	at org.junit.jupiter.engine.extension.TimeoutExtension.interceptTestMethod(TimeoutExtension.java:86)
	at org.junit.jupiter.engine.execution.InterceptingExecutableInvoker$ReflectiveInterceptorCall.lambda$ofVoidMethod$0(InterceptingExecutableInvoker.java:103)
	at org.junit.jupiter.engine.execution.InterceptingExecutableInvoker.lambda$invoke$0(InterceptingExecutableInvoker.java:93)
	at org.junit.jupiter.engine.execution.InvocationInterceptorChain$InterceptedInvocation.proceed(InvocationInterceptorChain.java:106)
	at org.junit.jupiter.engine.execution.InvocationInterceptorChain.proceed(InvocationInterceptorChain.java:64)
	at org.junit.jupiter.engine.execution.InvocationInterceptorChain.chainAndInvoke(InvocationInterceptorChain.java:45)
	at org.junit.jupiter.engine.execution.InvocationInterceptorChain.invoke(InvocationInterceptorChain.java:37)
	at org.junit.jupiter.engine.execution.InterceptingExecutableInvoker.invoke(InterceptingExecutableInvoker.java:92)
	at org.junit.jupiter.engine.execution.InterceptingExecutableInvoker.invoke(InterceptingExecutableInvoker.java:86)
	at org.junit.jupiter.engine.descriptor.TestMethodTestDescriptor.lambda$invokeTestMethod$7(TestMethodTestDescriptor.java:218)
	at org.junit.platform.engine.support.hierarchical.ThrowableCollector.execute(ThrowableCollector.java:73)
	at org.junit.jupiter.engine.descriptor.TestMethodTestDescriptor.invokeTestMethod(TestMethodTestDescriptor.java:214)
	at org.junit.jupiter.engine.descriptor.TestMethodTestDescriptor.execute(TestMethodTestDescriptor.java:139)
	at org.junit.jupiter.engine.descriptor.TestMethodTestDescriptor.execute(TestMethodTestDescriptor.java:69)
	at org.junit.platform.engine.support.hierarchical.NodeTestTask.lambda$executeRecursively$6(NodeTestTask.java:151)
	at org.junit.platform.engine.support.hierarchical.ThrowableCollector.execute(ThrowableCollector.java:73)
	at org.junit.platform.engine.support.hierarchical.NodeTestTask.lambda$executeRecursively$8(NodeTestTask.java:141)
	at org.junit.platform.engine.support.hierarchical.Node.around(Node.java:137)
	at org.junit.platform.engine.support.hierarchical.NodeTestTask.lambda$executeRecursively$9(NodeTestTask.java:139)
	at org.junit.platform.engine.support.hierarchical.ThrowableCollector.execute(ThrowableCollector.java:73)
	at org.junit.platform.engine.support.hierarchical.NodeTestTask.executeRecursively(NodeTestTask.java:138)
	at org.junit.platform.engine.support.hierarchical.NodeTestTask.execute(NodeTestTask.java:95)
	at java.util.ArrayList.forEach(ArrayList.java:1259)
	at org.junit.platform.engine.support.hierarchical.SameThreadHierarchicalTestExecutorService.invokeAll(SameThreadHierarchicalTestExecutorService.java:41)
	at org.junit.platform.engine.support.hierarchical.NodeTestTask.lambda$executeRecursively$6(NodeTestTask.java:155)
	at org.junit.platform.engine.support.hierarchical.ThrowableCollector.execute(ThrowableCollector.java:73)
	at org.junit.platform.engine.support.hierarchical.NodeTestTask.lambda$executeRecursively$8(NodeTestTask.java:141)
	at org.junit.platform.engine.support.hierarchical.Node.around(Node.java:137)
	at org.junit.platform.engine.support.hierarchical.NodeTestTask.lambda$executeRecursively$9(NodeTestTask.java:139)
	at org.junit.platform.engine.support.hierarchical.ThrowableCollector.execute(ThrowableCollector.java:73)
	at org.junit.platform.engine.support.hierarchical.NodeTestTask.executeRecursively(NodeTestTask.java:138)
	at org.junit.platform.engine.support.hierarchical.NodeTestTask.execute(NodeTestTask.java:95)
	at java.util.ArrayList.forEach(ArrayList.java:1259)
	at org.junit.platform.engine.support.hierarchical.SameThreadHierarchicalTestExecutorService.invokeAll(SameThreadHierarchicalTestExecutorService.java:41)
	at org.junit.platform.engine.support.hierarchical.NodeTestTask.lambda$executeRecursively$6(NodeTestTask.java:155)
	at org.junit.platform.engine.support.hierarchical.ThrowableCollector.execute(ThrowableCollector.java:73)
	at org.junit.platform.engine.support.hierarchical.NodeTestTask.lambda$executeRecursively$8(NodeTestTask.java:141)
	at org.junit.platform.engine.support.hierarchical.Node.around(Node.java:137)
	at org.junit.platform.engine.support.hierarchical.NodeTestTask.lambda$executeRecursively$9(NodeTestTask.java:139)
	at org.junit.platform.engine.support.hierarchical.ThrowableCollector.execute(ThrowableCollector.java:73)
	at org.junit.platform.engine.support.hierarchical.NodeTestTask.executeRecursively(NodeTestTask.java:138)
	at org.junit.platform.engine.support.hierarchical.NodeTestTask.execute(NodeTestTask.java:95)
	at org.junit.platform.engine.support.hierarchical.SameThreadHierarchicalTestExecutorService.submit(SameThreadHierarchicalTestExecutorService.java:35)
	at org.junit.platform.engine.support.hierarchical.HierarchicalTestExecutor.execute(HierarchicalTestExecutor.java:57)
	at org.junit.platform.engine.support.hierarchical.HierarchicalTestEngine.execute(HierarchicalTestEngine.java:54)
	at org.junit.platform.launcher.core.EngineExecutionOrchestrator.execute(EngineExecutionOrchestrator.java:198)
	at org.junit.platform.launcher.core.EngineExecutionOrchestrator.execute(EngineExecutionOrchestrator.java:169)
	at org.junit.platform.launcher.core.EngineExecutionOrchestrator.execute(EngineExecutionOrchestrator.java:93)
	at org.junit.platform.launcher.core.EngineExecutionOrchestrator.lambda$execute$0(EngineExecutionOrchestrator.java:58)
	at org.junit.platform.launcher.core.EngineExecutionOrchestrator.withInterceptedStreams(EngineExecutionOrchestrator.java:141)
	at org.junit.platform.launcher.core.EngineExecutionOrchestrator.execute(EngineExecutionOrchestrator.java:57)
	at org.junit.platform.launcher.core.DefaultLauncher.execute(DefaultLauncher.java:103)
	at org.junit.platform.launcher.core.DefaultLauncher.execute(DefaultLauncher.java:85)
	at org.junit.platform.launcher.core.DelegatingLauncher.execute(DelegatingLauncher.java:47)
	at org.apache.maven.surefire.junitplatform.LazyLauncher.execute(LazyLauncher.java:55)
	at org.apache.maven.surefire.junitplatform.JUnitPlatformProvider.execute(JUnitPlatformProvider.java:223)
	at org.apache.maven.surefire.junitplatform.JUnitPlatformProvider.invokeAllTests(JUnitPlatformProvider.java:175)
	at org.apache.maven.surefire.junitplatform.JUnitPlatformProvider.invoke(JUnitPlatformProvider.java:139)
	at org.apache.maven.surefire.booter.ForkedBooter.runSuitesInProcess(ForkedBooter.java:456)
	at org.apache.maven.surefire.booter.ForkedBooter.execute(ForkedBooter.java:169)
	at org.apache.maven.surefire.booter.ForkedBooter.run(ForkedBooter.java:595)
	at org.apache.maven.surefire.booter.ForkedBooter.main(ForkedBooter.java:581)
Caused by: java.io.FileNotFoundException: HADOOP_HOME and hadoop.home.dir are unset.
	at org.apache.hadoop.util.Shell.checkHadoopHomeInner(Shell.java:520)
	at org.apache.hadoop.util.Shell.checkHadoopHome(Shell.java:491)
	at org.apache.hadoop.util.Shell.<clinit>(Shell.java:568)
	... 80 common frames omitted
'CREATE' ACL '*''DELETE' ACL '*''ROLLOVER' ACL '*''GET' ACL '*''GET_KEYS' ACL '*''GET_METADATA' ACL '*''SET_KEY_MATERIAL' ACL '*''GENERATE_EEK' ACL '*''DECRYPT_EEK' ACL '*'KEY_NAME 'test_key_1' KEY_OP 'DECRYPT_EEK' ACL 'decrypt2'KEY_NAME 'test_key_2' KEY_OP 'ALL' ACL 'all1,all3'whitelist.key.acl. for KEY_OP 'DECRYPT_EEK' is set to '*']]></system-err>
  </testcase>
  <testcase name="testCustom" classname="org.apache.hadoop.crypto.key.kms.server.TestKMSACLs" time="0.052">
    <system-err><![CDATA['CREATE' ACL 'CREATE ''DELETE' ACL 'DELETE ''ROLLOVER' ACL 'ROLLOVER ''GET' ACL 'GET ''GET_KEYS' ACL 'GET_KEYS ''GET_METADATA' ACL 'GET_METADATA ''SET_KEY_MATERIAL' ACL 'SET_KEY_MATERIAL ''GENERATE_EEK' ACL 'GENERATE_EEK ''DECRYPT_EEK' ACL 'DECRYPT_EEK ']]></system-err>
  </testcase>
  <testcase name="testKeyAclConfigurationLoad" classname="org.apache.hadoop.crypto.key.kms.server.TestKMSACLs" time="0.001">
    <system-err><![CDATA['CREATE' ACL '*''DELETE' ACL '*''ROLLOVER' ACL '*''GET' ACL '*''GET_KEYS' ACL '*''GET_METADATA' ACL '*''SET_KEY_MATERIAL' ACL '*''GENERATE_EEK' ACL '*''DECRYPT_EEK' ACL '*'KEY_NAME 'test_key_2' KEY_OP 'ALL' ACL 'CREATE'Invalid key Operation 'NONEXISTOPERATION'KEY_NAME 'test_key_1' KEY_OP 'MANAGEMENT' ACL 'CREATE'Invalid KEY_OP 'ALL' for default.key.acl., ignoringInvalid KEY_OP 'ALL' for whitelist.key.acl., ignoring]]></system-err>
  </testcase>
  <testcase name="testDefaults" classname="org.apache.hadoop.crypto.key.kms.server.TestKMSACLs" time="0.001">
    <system-err><![CDATA['CREATE' ACL '*''DELETE' ACL '*''ROLLOVER' ACL '*''GET' ACL '*''GET_KEYS' ACL '*''GET_METADATA' ACL '*''SET_KEY_MATERIAL' ACL '*''GENERATE_EEK' ACL '*''DECRYPT_EEK' ACL '*']]></system-err>
  </testcase>
  <testcase name="testKeyAclReload" classname="org.apache.hadoop.crypto.key.kms.server.TestKMSACLs" time="0.007">
    <system-err><![CDATA['CREATE' ACL '*''DELETE' ACL '*''ROLLOVER' ACL '*''GET' ACL '*''GET_KEYS' ACL '*''GET_METADATA' ACL '*''SET_KEY_MATERIAL' ACL '*''GENERATE_EEK' ACL '*''DECRYPT_EEK' ACL '*'KEY_NAME 'testuser1' KEY_OP 'ALL' ACL 'testkey1'default.key.acl. for KEY_OP 'GENERATE_EEK' is set to '*'whitelist.key.acl. for KEY_OP 'GENERATE_EEK' is set to '*'KEY_NAME 'testuser1' KEY_OP 'ALL' ACL 'testkey1'KEY_NAME 'testkey1' KEY_OP 'ALL' ACL 'testkey1,testkey2'KEY_NAME 'testuser1' KEY_OP 'ALL' ACL 'testkey1'KEY_NAME 'testkey1' KEY_OP 'ALL' ACL 'testkey1,testkey2'KEY_NAME 'testuser1' KEY_OP 'ALL' ACL 'testkey1'KEY_NAME 'testkey1' KEY_OP 'ALL' ACL 'testkey1,testkey2'default.key.acl. for KEY_OP 'DECRYPT_EEK' is set to '*']]></system-err>
  </testcase>
</testsuite>